\BOOKMARK [1][-]{section.1}{\376\377\000I\000n\000t\000r\000o\000d\000u\000c\000t\000i\000o\000n}{}% 1
\BOOKMARK [1][-]{section.2}{\376\377\000R\000e\000l\000a\000t\000e\000d\000\040\000W\000o\000r\000k}{}% 2
\BOOKMARK [1][-]{section.3}{\376\377\000S\000y\000s\000t\000e\000m\000\040\000A\000r\000c\000h\000i\000t\000e\000c\000t\000u\000r\000e}{}% 3
\BOOKMARK [2][-]{subsection.3.1}{\376\377\000I\000n\000f\000r\000a\000s\000t\000r\000u\000c\000t\000u\000r\000e}{section.3}% 4
\BOOKMARK [2][-]{subsection.3.2}{\376\377\000S\000t\000o\000r\000a\000g\000e\000\040\000M\000o\000d\000e\000l}{section.3}% 5
\BOOKMARK [1][-]{section.4}{\376\377\000R\000e\000t\000r\000i\000e\000v\000a\000l\000\040\000P\000i\000p\000e\000l\000i\000n\000e}{}% 6
\BOOKMARK [2][-]{subsection.4.1}{\376\377\000I\000n\000s\000t\000r\000u\000c\000t\000i\000o\000n\000-\000A\000w\000a\000r\000e\000\040\000A\000s\000y\000m\000m\000e\000t\000r\000i\000c\000\040\000E\000m\000b\000e\000d\000d\000i\000n\000g\000s}{section.4}% 7
\BOOKMARK [1][-]{section.5}{\376\377\000D\000y\000n\000a\000m\000i\000c\000\040\000R\000e\000r\000a\000n\000k\000e\000r\000\040\000G\000a\000t\000e}{}% 8
\BOOKMARK [2][-]{subsection.5.1}{\376\377\000G\000a\000t\000e\000\040\000L\000o\000g\000i\000c}{section.5}% 9
\BOOKMARK [2][-]{subsection.5.2}{\376\377\000S\000o\000f\000t\000\040\000G\000a\000t\000e\000\040\000V\000a\000r\000i\000a\000n\000t}{section.5}% 10
\BOOKMARK [1][-]{section.6}{\376\377\000R\000e\000c\000i\000p\000r\000o\000c\000a\000l\000\040\000R\000a\000n\000k\000\040\000F\000u\000s\000i\000o\000n}{}% 11
\BOOKMARK [2][-]{subsection.6.1}{\376\377\000M\000o\000t\000i\000v\000a\000t\000i\000o\000n}{section.6}% 12
\BOOKMARK [2][-]{subsection.6.2}{\376\377\000R\000R\000F\000\040\000f\000o\000r\000\040\000R\000e\000r\000a\000n\000k\000e\000r\000\040\000B\000l\000e\000n\000d\000i\000n\000g}{section.6}% 13
\BOOKMARK [1][-]{section.7}{\376\377\000E\000v\000a\000l\000u\000a\000t\000i\000o\000n}{}% 14
\BOOKMARK [2][-]{subsection.7.1}{\376\377\000E\000x\000p\000e\000r\000i\000m\000e\000n\000t\000a\000l\000\040\000S\000e\000t\000u\000p}{section.7}% 15
\BOOKMARK [2][-]{subsection.7.2}{\376\377\000S\000c\000i\000F\000a\000c\000t\000\040\000R\000e\000s\000u\000l\000t\000s}{section.7}% 16
\BOOKMARK [2][-]{subsection.7.3}{\376\377\000A\000b\000l\000a\000t\000i\000o\000n\000\040\000S\000t\000u\000d\000y}{section.7}% 17
\BOOKMARK [2][-]{subsection.7.4}{\376\377\000B\000u\000g\000\040\000A\000r\000c\000h\000a\000e\000o\000l\000o\000g\000y}{section.7}% 18
\BOOKMARK [1][-]{section.8}{\376\377\000P\000r\000o\000d\000u\000c\000t\000i\000o\000n\000\040\000D\000e\000p\000l\000o\000y\000m\000e\000n\000t}{}% 19
\BOOKMARK [2][-]{subsection.8.1}{\376\377\000L\000e\000s\000s\000o\000n\000s\000\040\000L\000e\000a\000r\000n\000e\000d}{section.8}% 20
\BOOKMARK [1][-]{section.9}{\376\377\000L\000i\000m\000i\000t\000a\000t\000i\000o\000n\000s\000\040\000a\000n\000d\000\040\000F\000u\000t\000u\000r\000e\000\040\000W\000o\000r\000k}{}% 21
\BOOKMARK [1][-]{section.10}{\376\377\000C\000o\000n\000c\000l\000u\000s\000i\000o\000n}{}% 22
